<?xml version="1.0" encoding="UTF-8"?>
<testng-results skipped="0" failed="0" ignored="0" total="1" passed="1">
  <reporter-output>
  </reporter-output>
  <suite name="Suite" duration-ms="9125" started-at="2019-08-26T07:19:20Z" finished-at="2019-08-26T07:19:29Z">
    <groups>
    </groups>
    <test name="Test" duration-ms="9125" started-at="2019-08-26T07:19:20Z" finished-at="2019-08-26T07:19:29Z">
      <class name="KDD.JEnkinS_TestRUN.Sampel">
        <test-method status="PASS" signature="openbrowser()[pri:0, instance:KDD.JEnkinS_TestRUN.Sampel@7cd62f43]" name="openbrowser" is-config="true" duration-ms="9082" started-at="2019-08-26T07:19:20Z" finished-at="2019-08-26T07:19:29Z">
          <reporter-output>
          </reporter-output>
        </test-method> <!-- openbrowser -->
        <test-method status="PASS" signature="gettitle()[pri:0, instance:KDD.JEnkinS_TestRUN.Sampel@7cd62f43]" name="gettitle" duration-ms="16" started-at="2019-08-26T07:19:29Z" finished-at="2019-08-26T07:19:29Z">
          <reporter-output>
          </reporter-output>
        </test-method> <!-- gettitle -->
      </class> <!-- KDD.JEnkinS_TestRUN.Sampel -->
    </test> <!-- Test -->
  </suite> <!-- Suite -->
</testng-results>
